# JRE version: Java(TM) SE Runtime Environment (7.0_80-b15) (build 1.7.0_80-b15)
# Java VM: Java HotSpot(TM) 64-Bit Server VM (24.80-b11 mixed mode windows-amd64 compressed oops)
Heap
 PSYoungGen      total 33280K, used 145K [0x00000000fd500000, 0x0000000100000000, 0x0000000100000000)
  eden space 23040K, 0% used [0x00000000fd500000,0x00000000fd5244d0,0x00000000feb80000)
  from space 10240K, 0% used [0x00000000feb80000,0x00000000feb80000,0x00000000ff580000)
  to   space 9728K, 0% used [0x00000000ff680000,0x00000000ff680000,0x0000000100000000)
 ParOldGen       total 87552K, used 54968K [0x00000000f7f80000, 0x00000000fd500000, 0x00000000fd500000)
  object space 87552K, 62% used [0x00000000f7f80000,0x00000000fb52e100,0x00000000fd500000)
 PSPermGen       total 262144K, used 262134K [0x00000000e7f80000, 0x00000000f7f80000, 0x00000000f7f80000)
  object space 262144K, 99% used [0x00000000e7f80000,0x00000000f7f7d868,0x00000000f7f80000)
GC Heap History (10 events):
Event: 71.570 GC heap before
{Heap before GC invocations=81 (full 12):
 PSYoungGen      total 32768K, used 96K [0x00000000fd500000, 0x0000000100000000, 0x0000000100000000)
  eden space 21504K, 0% used [0x00000000fd500000,0x00000000fd500000,0x00000000fea00000)
  from space 11264K, 0% used [0x00000000fea00000,0x00000000fea18000,0x00000000ff500000)
  to   space 10752K, 0% used [0x00000000ff580000,0x00000000ff580000,0x0000000100000000)
 ParOldGen       total 87552K, used 54934K [0x00000000f7f80000, 0x00000000fd500000, 0x00000000fd500000)
  object space 87552K, 62% used [0x00000000f7f80000,0x00000000fb525af0,0x00000000fd500000)
 PSPermGen       total 262144K, used 262143K [0x00000000e7f80000, 0x00000000f7f80000, 0x00000000f7f80000)
  object space 262144K, 99% used [0x00000000e7f80000,0x00000000f7f7ffa8,0x00000000f7f80000)
Event: 72.057 GC heap after
Heap after GC invocations=81 (full 12):
 PSYoungGen      total 32768K, used 0K [0x00000000fd500000, 0x0000000100000000, 0x0000000100000000)
  eden space 21504K, 0% used [0x00000000fd500000,0x00000000fd500000,0x00000000fea00000)
  from space 11264K, 0% used [0x00000000fea00000,0x00000000fea00000,0x00000000ff500000)
  to   space 10752K, 0% used [0x00000000ff580000,0x00000000ff580000,0x0000000100000000)
 ParOldGen       total 87552K, used 54941K [0x00000000f7f80000, 0x00000000fd500000, 0x00000000fd500000)
  object space 87552K, 62% used [0x00000000f7f80000,0x00000000fb527490,0x00000000fd500000)
 PSPermGen       total 262144K, used 261312K [0x00000000e7f80000, 0x00000000f7f80000, 0x00000000f7f80000)
  object space 262144K, 99% used [0x00000000e7f80000,0x00000000f7eb02f8,0x00000000f7f80000)
}
Event: 72.178 GC heap before
{Heap before GC invocations=82 (full 12):
 PSYoungGen      total 32768K, used 107K [0x00000000fd500000, 0x0000000100000000, 0x0000000100000000)
  eden space 21504K, 0% used [0x00000000fd500000,0x00000000fd51aea8,0x00000000fea00000)
  from space 11264K, 0% used [0x00000000fea00000,0x00000000fea00000,0x00000000ff500000)
  to   space 10752K, 0% used [0x00000000ff580000,0x00000000ff580000,0x0000000100000000)
 ParOldGen       total 87552K, used 54941K [0x00000000f7f80000, 0x00000000fd500000, 0x00000000fd500000)
  object space 87552K, 62% used [0x00000000f7f80000,0x00000000fb527490,0x00000000fd500000)
 PSPermGen       total 262144K, used 262134K [0x00000000e7f80000, 0x00000000f7f80000, 0x00000000f7f80000)
  object space 262144K, 99% used [0x00000000e7f80000,0x00000000f7f7d888,0x00000000f7f80000)
Event: 72.195 GC heap after
Heap after GC invocations=82 (full 12):
 PSYoungGen      total 33792K, used 64K [0x00000000fd500000, 0x0000000100000000, 0x0000000100000000)
  eden space 23040K, 0% used [0x00000000fd500000,0x00000000fd500000,0x00000000feb80000)
  from space 10752K, 0% used [0x00000000ff580000,0x00000000ff590000,0x0000000100000000)
  to   space 10240K, 0% used [0x00000000feb80000,0x00000000feb80000,0x00000000ff580000)
 ParOldGen       total 87552K, used 54941K [0x00000000f7f80000, 0x00000000fd500000, 0x00000000fd500000)
  object space 87552K, 62% used [0x00000000f7f80000,0x00000000fb527490,0x00000000fd500000)
 PSPermGen       total 262144K, used 262134K [0x00000000e7f80000, 0x00000000f7f80000, 0x00000000f7f80000)
  object space 262144K, 99% used [0x00000000e7f80000,0x00000000f7f7d888,0x00000000f7f80000)
}
Event: 72.195 GC heap before
{Heap before GC invocations=83 (full 13):
 PSYoungGen      total 33792K, used 64K [0x00000000fd500000, 0x0000000100000000, 0x0000000100000000)
  eden space 23040K, 0% used [0x00000000fd500000,0x00000000fd500000,0x00000000feb80000)
  from space 10752K, 0% used [0x00000000ff580000,0x00000000ff590000,0x0000000100000000)
  to   space 10240K, 0% used [0x00000000feb80000,0x00000000feb80000,0x00000000ff580000)
 ParOldGen       total 87552K, used 54941K [0x00000000f7f80000, 0x00000000fd500000, 0x00000000fd500000)
  object space 87552K, 62% used [0x00000000f7f80000,0x00000000fb527490,0x00000000fd500000)
 PSPermGen       total 262144K, used 262134K [0x00000000e7f80000, 0x00000000f7f80000, 0x00000000f7f80000)
  object space 262144K, 99% used [0x00000000e7f80000,0x00000000f7f7d888,0x00000000f7f80000)
Event: 72.591 GC heap after
Heap after GC invocations=83 (full 13):
 PSYoungGen      total 33792K, used 0K [0x00000000fd500000, 0x0000000100000000, 0x0000000100000000)
  eden space 23040K, 0% used [0x00000000fd500000,0x00000000fd500000,0x00000000feb80000)
  from space 10752K, 0% used [0x00000000ff580000,0x00000000ff580000,0x0000000100000000)
  to   space 10240K, 0% used [0x00000000feb80000,0x00000000feb80000,0x00000000ff580000)
 ParOldGen       total 87552K, used 54968K [0x00000000f7f80000, 0x00000000fd500000, 0x00000000fd500000)
  object space 87552K, 62% used [0x00000000f7f80000,0x00000000fb52e100,0x00000000fd500000)
 PSPermGen       total 262144K, used 262134K [0x00000000e7f80000, 0x00000000f7f80000, 0x00000000f7f80000)
  object space 262144K, 99% used [0x00000000e7f80000,0x00000000f7f7d868,0x00000000f7f80000)
}
Event: 72.591 GC heap before
{Heap before GC invocations=84 (full 13):
 PSYoungGen      total 33792K, used 0K [0x00000000fd500000, 0x0000000100000000, 0x0000000100000000)
  eden space 23040K, 0% used [0x00000000fd500000,0x00000000fd500000,0x00000000feb80000)
  from space 10752K, 0% used [0x00000000ff580000,0x00000000ff580000,0x0000000100000000)
  to   space 10240K, 0% used [0x00000000feb80000,0x00000000feb80000,0x00000000ff580000)
 ParOldGen       total 87552K, used 54968K [0x00000000f7f80000, 0x00000000fd500000, 0x00000000fd500000)
  object space 87552K, 62% used [0x00000000f7f80000,0x00000000fb52e100,0x00000000fd500000)
 PSPermGen       total 262144K, used 262134K [0x00000000e7f80000, 0x00000000f7f80000, 0x00000000f7f80000)
  object space 262144K, 99% used [0x00000000e7f80000,0x00000000f7f7d868,0x00000000f7f80000)
Event: 72.606 GC heap after
Heap after GC invocations=84 (full 13):
 PSYoungGen      total 33280K, used 0K [0x00000000fd500000, 0x0000000100000000, 0x0000000100000000)
  eden space 23040K, 0% used [0x00000000fd500000,0x00000000fd500000,0x00000000feb80000)
  from space 10240K, 0% used [0x00000000feb80000,0x00000000feb80000,0x00000000ff580000)
  to   space 9728K, 0% used [0x00000000ff680000,0x00000000ff680000,0x0000000100000000)
 ParOldGen       total 87552K, used 54968K [0x00000000f7f80000, 0x00000000fd500000, 0x00000000fd500000)
  object space 87552K, 62% used [0x00000000f7f80000,0x00000000fb52e100,0x00000000fd500000)
 PSPermGen       total 262144K, used 262134K [0x00000000e7f80000, 0x00000000f7f80000, 0x00000000f7f80000)
  object space 262144K, 99% used [0x00000000e7f80000,0x00000000f7f7d868,0x00000000f7f80000)
}
Event: 72.606 GC heap before
{Heap before GC invocations=85 (full 14):
 PSYoungGen      total 33280K, used 0K [0x00000000fd500000, 0x0000000100000000, 0x0000000100000000)
  eden space 23040K, 0% used [0x00000000fd500000,0x00000000fd500000,0x00000000feb80000)
  from space 10240K, 0% used [0x00000000feb80000,0x00000000feb80000,0x00000000ff580000)
  to   space 9728K, 0% used [0x00000000ff680000,0x00000000ff680000,0x0000000100000000)
 ParOldGen       total 87552K, used 54968K [0x00000000f7f80000, 0x00000000fd500000, 0x00000000fd500000)
  object space 87552K, 62% used [0x00000000f7f80000,0x00000000fb52e100,0x00000000fd500000)
 PSPermGen       total 262144K, used 262134K [0x00000000e7f80000, 0x00000000f7f80000, 0x00000000f7f80000)
  object space 262144K, 99% used [0x00000000e7f80000,0x00000000f7f7d868,0x00000000f7f80000)
Event: 73.038 GC heap after
Heap after GC invocations=85 (full 14):
 PSYoungGen      total 33280K, used 0K [0x00000000fd500000, 0x0000000100000000, 0x0000000100000000)
  eden space 23040K, 0% used [0x00000000fd500000,0x00000000fd500000,0x00000000feb80000)
  from space 10240K, 0% used [0x00000000feb80000,0x00000000feb80000,0x00000000ff580000)
  to   space 9728K, 0% used [0x00000000ff680000,0x00000000ff680000,0x0000000100000000)
 ParOldGen       total 87552K, used 54968K [0x00000000f7f80000, 0x00000000fd500000, 0x00000000fd500000)
  object space 87552K, 62% used [0x00000000f7f80000,0x00000000fb52e100,0x00000000fd500000)
 PSPermGen       total 262144K, used 262134K [0x00000000e7f80000, 0x00000000f7f80000, 0x00000000f7f80000)
  object space 262144K, 99% used [0x00000000e7f80000,0x00000000f7f7d868,0x00000000f7f80000)
}

